➿ rugby_tips_1 starting...
   Mode: full

================================================================================
 Step 1 of 4: [R]EFLECT
================================================================================
  Reflecting...
  [i]  Found domain learnings from previous runs

   ✓ Completed at 0.2s

================================================================================
 Step 2 of 4: [A]CT
================================================================================
  Acting...

   ✓ Completed at 60.6s

================================================================================
 Phase 3 of 4: [V]ERIFY
================================================================================
  Verifying...
  [✓] Verification complete

   ✓ Completed at 84.3s

================================================================================
 Step 4 of 4: [L]EARN
================================================================================
  Learning...
  [•] Synthesizing insights from full run...
  [✓] Run insights synthesized
  [✓] Learning saved to execution_learning/ and loop_learning/

   ✓ Completed at 108.2s

================================================================================
⚠️ VERIFICATION FAILED
================================================================================
   The loop ran but didn't meet all verification criteria.

   📋 Verification Details:
      ✓ [1] `./output/springboks-results.json` exists and contains valid JSON
      ✓ [2] The JSON file includes all previously tracked games (no data loss)
      ✗ [3] Any new games found have been added to the JSON file with complete data: date, opponent, score, scorers, and individual performance metrics
          The ESPN scraping failed with a 404 error, so no games were fetched. While the code structure includ...
      ✓ [4] Games in the JSON are sorted by date
      ✓ [5] The most recent game date in the JSON is tracked and identifiable
      ✓ [6] If no new game was detected: No new coaching tips file was created
      ✓ [7] If a new game was detected: A coaching tips file `./output/springbok-coach-tips-YYYY-MMM-DD.md` exists with today's date
      ✓ [8] The coaching tips file (if created) contains exactly 3 coaching suggestions for Rassie
      ✓ [9] The coaching suggestions are based on the most recent game(s) and performance data
      ✓ [10] The coaching suggestions are specific, actionable, and relevant to Springbok rugby

   Understand config and get diagnostic suggestions:
     ravl rugby_tips_1 --show-config # shows settings
     ravl rugby_tips_1 --show-execution # shows execution steps
     ravl --loop-health rugby_tips_1 # loop agentic health
     ravl --execution-health rugby_tips_1 # loop execution health


================================================================================
🏁 rugby_tips_1 completed with errors
================================================================================
   Duration: 108.2s
   Output: N/A
================================================================================
