➿ rugby_tips_1 starting...
   Mode: full

================================================================================
 Step 1 of 4: [R]EFLECT
================================================================================
  Reflecting...
  [i]  Found domain learnings from previous runs

   ✓ Completed at 0.2s

================================================================================
 Step 2 of 4: [A]CT
================================================================================
  Acting...
  [•] Enhanced markdown saved to learnings/current_state/ravl_loop_enhanced.md
  [•] Custom code required - complex operations in loop spec
  [•] Using cached verified code
  [•] Using cached verified code - executing...
  [•] Custom code required - complex operations in loop spec
  [✓] Code executed successfully
  [•] Output: ============================================================
SPRINGBOK GAME RESULTS TRACKER
============================================================
✓ Loading existing Springbok game data...
  Fou
  [✓] Cached code executed

   ✓ Completed at 16.6s

================================================================================
 Phase 3 of 4: [V]ERIFY
================================================================================
  Verifying...
  [✓] Verification complete
  [•] Custom code required - complex operations in loop spec

   ✓ Completed at 39.1s

================================================================================
 Step 4 of 4: [L]EARN
================================================================================
  Learning...
  [✓] Cached verified code to verified_code.py
  [•] Synthesizing insights from full run...
  [✓] Run insights synthesized
  [✓] Learning saved to execution_learning/ and loop_learning/

   ✓ Completed at 65.3s

================================================================================
🏁 rugby_tips_1 completed successfully
================================================================================
   Duration: 65.3s
   Output: N/A
================================================================================
