➿ rugby_tips_1 starting...
   Mode: full

================================================================================
 Step 1 of 4: [R]EFLECT
================================================================================
  Reflecting...
  [i]  Found domain learnings from previous runs

   ✓ Completed at 0.2s

================================================================================
 Step 2 of 4: [A]CT
================================================================================
  Acting...

   ✓ Completed at 17.1s

================================================================================
 Phase 3 of 4: [V]ERIFY
================================================================================
  Verifying...
  [✓] Verification complete

   ✓ Completed at 42.6s

================================================================================
 Step 4 of 4: [L]EARN
================================================================================
  Learning...
  [•] Synthesizing insights from full run...
  [✓] Run insights synthesized
  [✓] Learning saved to execution_learning/ and loop_learning/

   ✓ Completed at 72.1s

================================================================================
⚠️ VERIFICATION FAILED
================================================================================
   The loop ran but didn't meet all verification criteria.

   📋 Verification Details:
      ✓ [1] `./output/springboks-results.json` exists and contains valid JSON
      ✓ [2] All previously existing games in `springboks-results.json` are preserved unchanged
      ✗ [3] Any new or missing Springbok games found from the source are added to `springboks-results.json`
          No games were added because the data fetch failed with '404 Client Error: Not Found for url: https:/...
      ✓ [4] Each game record includes: date, opponent, score, scorers, and player performance data
      ✓ [5] The most recent game date has been correctly identified
      ✓ [6] If a new game was detected: A new file `./output/springbok-coach-tips-YYYY-MMM-DD.md` exists with the correct date
      ✓ [7] If a new game was detected: The coaching tips file contains exactly 3 coaching suggestions
      ✓ [8] If a new game was detected: The suggestions are based on the most recent game information
      ✓ [9] If no new game was detected: No new coaching tips file was created
      ✓ [10] If no new game was detected: The most recent existing coaching tips file (if any) remains unchanged

   Understand config and get diagnostic suggestions:
     ravl rugby_tips_1 --show-config # shows settings
     ravl rugby_tips_1 --show-execution # shows execution steps
     ravl --loop-health rugby_tips_1 # loop agentic health
     ravl --execution-health rugby_tips_1 # loop execution health


================================================================================
🏁 rugby_tips_1 completed with errors
================================================================================
   Duration: 72.1s
   Output: N/A
================================================================================
