➿ rugby_tips_1 starting...
   Mode: full

================================================================================
 Step 1 of 4: [R]EFLECT
================================================================================
  Reflecting...
  [i]  Found domain learnings from previous runs

   ✓ Completed at 0.2s

================================================================================
 Step 2 of 4: [A]CT
================================================================================
  Acting...

   ✓ Completed at 14.4s

================================================================================
 Phase 3 of 4: [V]ERIFY
================================================================================
  Verifying...
  [✓] Verification complete

   ✓ Completed at 36.3s

================================================================================
 Step 4 of 4: [L]EARN
================================================================================
  Learning...
  [•] Synthesizing insights from full run...
  [✓] Run insights synthesized
  [✓] Learning saved to execution_learning/ and loop_learning/

   ✓ Completed at 59.2s

================================================================================
⚠️ VERIFICATION FAILED
================================================================================
   The loop ran but didn't meet all verification criteria.

   📋 Verification Details:
      ✓ [1] `./output/springboks-results.json` exists and contains valid JSON
      ✗ [2] The JSON file includes games with scores, scorers, and individual player performance data
          The JSON file was created but contains 0 games due to a 404 error when fetching data from ESPN ('404...
      ✗ [3] All new games found from the source have been added to the dataset
          No games were found due to the ESPN URL returning a 404 error. The merge process completed with '0 n...
      ✓ [4] Existing games have been preserved and any gaps filled with new data
      ✓ [5] The most recent game date in the dataset has been correctly identified
      ✓ [6] If a more recent game exists: A new file `./output/springbok-coach-tips-YYYY-MMM-DD.md` has been created with today's date
      ✓ [7] If a more recent game exists: The file contains exactly 3 coaching suggestions for Rassie
      ✓ [8] If a more recent game exists: The suggestions are based on the most recent game information
      ✓ [9] If no more recent game exists: No new coaching tips file has been created
      ✓ [10] If no more recent game exists: Previous coaching tips files remain unchanged

   Understand config and get diagnostic suggestions:
     ravl rugby_tips_1 --show-config # shows settings
     ravl rugby_tips_1 --show-execution # shows execution steps
     ravl --loop-health rugby_tips_1 # loop agentic health
     ravl --execution-health rugby_tips_1 # loop execution health


================================================================================
🏁 rugby_tips_1 completed with errors
================================================================================
   Duration: 59.2s
   Output: N/A
================================================================================
