➿ rugby_tips_1 starting...
   Mode: full

================================================================================
 Step 1 of 4: [R]EFLECT
================================================================================
  Reflecting...
  [i]  Found domain learnings from previous runs

   ✓ Completed at 0.2s

================================================================================
 Step 2 of 4: [A]CT
================================================================================
  Acting...

   ✓ Completed at 14.2s

================================================================================
 Phase 3 of 4: [V]ERIFY
================================================================================
  Verifying...
  [✓] Verification complete

   ✓ Completed at 38.0s

================================================================================
 Step 4 of 4: [L]EARN
================================================================================
  Learning...
  [•] Synthesizing insights from full run...
  [✓] Run insights synthesized
  [✓] Learning saved to execution_learning/ and loop_learning/

   ✓ Completed at 61.0s

================================================================================
⚠️ VERIFICATION FAILED
================================================================================
   The loop ran but didn't meet all verification criteria.

   📋 Verification Details:
      ✓ [1] `./output/springboks-results.json` exists and contains valid JSON
      ✓ [2] All previously existing game data is preserved in the JSON file
      ✗ [3] Any newly discovered games have been added to the JSON file with complete information (date, opponent, score, scorers, player performance)
          No new games were discovered due to a 404 error from ESPN Scrum API ('404 Client Error: Not Found fo...
      ✓ [4] The JSON structure is consistent across all game entries
      ✓ [5] If a new game was detected: `./output/springbok-coach-tips-YYYY-MMM-DD.md` exists with today's date and contains exactly 3 coaching suggestions
      ✓ [6] If no new game was detected: no new coaching tips file was created
      ✓ [7] Coaching suggestions (if generated) are based on the most recent game data and are specific, actionable recommendations for Rassie

   Understand config and get diagnostic suggestions:
     ravl rugby_tips_1 --show-config # shows settings
     ravl rugby_tips_1 --show-execution # shows execution steps
     ravl --loop-health rugby_tips_1 # loop agentic health
     ravl --execution-health rugby_tips_1 # loop execution health


================================================================================
🏁 rugby_tips_1 completed with errors
================================================================================
   Duration: 61.0s
   Output: N/A
================================================================================
