➿ rugby_tips_1 starting...
   Mode: full

================================================================================
 Step 1 of 4: [R]EFLECT
================================================================================
  Reflecting...
  [i]  Found domain learnings from previous runs

   ✓ Completed at 0.2s

================================================================================
 Step 2 of 4: [A]CT
================================================================================
  Acting...

   ✓ Completed at 7.6s

================================================================================
 Phase 3 of 4: [V]ERIFY
================================================================================
  Verifying...
  [✓] Verification complete

   ✓ Completed at 23.3s

================================================================================
 Step 4 of 4: [L]EARN
================================================================================
  Learning...
  [•] Synthesizing insights from full run...
  [✓] Run insights synthesized
  [✓] Learning saved to execution_learning/ and loop_learning/

   ✓ Completed at 47.5s

================================================================================
🏁 rugby_tips_1 completed successfully
================================================================================
   Duration: 47.5s
   Output: N/A
================================================================================
